<?xml version="1.0" encoding="UTF-8"?>
<!-- Generated by org.testng.reporters.JUnitReportReporter -->
<testsuite skipped="0" hostname="shashank-PC" name="com.inetbanking.testCases.TC_LoginPage_001" tests="1" failures="0" timestamp="13 Dec 2018 14:06:21 GMT" time="7.884" errors="0">
  <testcase name="LoginTest" time="7.884" classname="com.inetbanking.testCases.TC_LoginPage_001"/>
</testsuite> <!-- com.inetbanking.testCases.TC_LoginPage_001 -->
