<?xml version="1.0" encoding="UTF-8"?>
<!-- Generated by org.testng.reporters.JUnitReportReporter -->
<testsuite skipped="0" hostname="shashank-PC" name="com.inetbanking.testCases.TC_LoginPage_001" tests="1" failures="0" timestamp="13 Dec 2018 07:53:38 GMT" time="8.011" errors="0">
  <testcase name="LoginTest" time="8.011" classname="com.inetbanking.testCases.TC_LoginPage_001"/>
</testsuite> <!-- com.inetbanking.testCases.TC_LoginPage_001 -->
