<?xml version="1.0" encoding="UTF-8"?>
<!-- Generated by org.testng.reporters.JUnitReportReporter -->
<testsuite skipped="0" hostname="shashank-PC" name="com.inetbanking.testCases.TC_LoginPage_001" tests="1" failures="0" timestamp="08 Dec 2018 11:11:34 GMT" time="16.974" errors="0">
  <testcase name="LoginTest" time="16.974" classname="com.inetbanking.testCases.TC_LoginPage_001"/>
</testsuite> <!-- com.inetbanking.testCases.TC_LoginPage_001 -->
